"""
The `train_gpt.py` and `train_gpt_mlx.py` scripts are intended as good launching-off points for new participants, not SOTA configs. We'll accept PRs that tune, improve, or simplify these scripts without significantly increasing complexity, but competitive submissions should stay in the `/records` folder.

Hard stop: To keep readable for newcomers, let's make sure `train_gpt.py` and `train_gpt_mlx.py` never are longer than 1500 lines.
"""

from __future__ import annotations

import copy
import glob
import importlib.util
import io
import math
import os
import random
import subprocess
import sys
import time
import uuid
import zlib
from pathlib import Path

import numpy as np
import sentencepiece as spm
import torch
import torch.distributed as dist
import torch.nn.functional as F
from torch import Tensor, nn
from torch.nn.parallel import DistributedDataParallel as DDP

# -----------------------------
# HYPERPARAMETERS
# -----------------------------
# Default Simple Baseline run:
# - 9 transformer blocks at width 512
# - 8 attention heads with 4 KV heads (GQA) and 2x MLP expansion
# - vocab size 1024, sequence length 1024, tied embeddings
# - 524,288 train tokens per step for 20,000 iterations with a ~10 minute cap

class Hyperparameters:
    # Data paths are shard globs produced by the existing preprocessing pipeline.
    data_path = os.environ.get("DATA_PATH", "./data/datasets/fineweb10B_sp1024")
    train_files = os.path.join(data_path, "fineweb_train_*.bin")
    val_files = os.path.join(data_path, "fineweb_val_*.bin")
    tokenizer_path = os.environ.get("TOKENIZER_PATH", "./data/tokenizers/fineweb_1024_bpe.model")
    run_id = os.environ.get("RUN_ID", str(uuid.uuid4()))
    seed = int(os.environ.get("SEED", 1337))

    # Validation cadence and batch size. Validation always uses the full fineweb_val split.
    val_batch_size = int(os.environ.get("VAL_BATCH_SIZE", 524_288))
    val_loss_every = int(os.environ.get("VAL_LOSS_EVERY", 1000))
    val_max_tokens = int(os.environ.get("VAL_MAX_TOKENS", "0"))
    train_log_every = int(os.environ.get("TRAIN_LOG_EVERY", 200))

    # Training length.
    iterations = int(os.environ.get("ITERATIONS", 20000))
    warmdown_iters = int(os.environ.get("WARMDOWN_ITERS", 1200))
    warmup_steps = int(os.environ.get("WARMUP_STEPS", 20))
    train_batch_tokens = int(os.environ.get("TRAIN_BATCH_TOKENS", 524_288))
    train_seq_len = int(os.environ.get("TRAIN_SEQ_LEN", 1024))
    max_wallclock_seconds = float(os.environ.get("MAX_WALLCLOCK_SECONDS", 600.0))
    qk_gain_init = float(os.environ.get("QK_GAIN_INIT", 1.5))
    enable_compile = bool(int(os.environ.get("ENABLE_COMPILE", "1")))
    skip_final_roundtrip_eval = bool(int(os.environ.get("SKIP_FINAL_ROUNDTRIP_EVAL", "0")))

    # Model shape.
    vocab_size = int(os.environ.get("VOCAB_SIZE", 1024))
    num_layers = int(os.environ.get("NUM_LAYERS", 9))
    num_kv_heads = int(os.environ.get("NUM_KV_HEADS", 4))
    model_dim = int(os.environ.get("MODEL_DIM", 512))
    num_heads = int(os.environ.get("NUM_HEADS", 8))
    mlp_mult = int(os.environ.get("MLP_MULT", 2))
    tie_embeddings = bool(int(os.environ.get("TIE_EMBEDDINGS", "1")))
    rope_base = float(os.environ.get("ROPE_BASE", 10000.0))
    logit_softcap = float(os.environ.get("LOGIT_SOFTCAP", 30.0))
    aux_loss_weight = float(os.environ.get("AUX_LOSS_WEIGHT", 0.1))
    aux_dim = int(os.environ.get("AUX_DIM", 64))

    # Optimizer hyperparameters.
    embed_lr = float(os.environ.get("EMBED_LR", 0.6))
    head_lr = float(os.environ.get("HEAD_LR", 0.008))
    tied_embed_lr = float(os.environ.get("TIED_EMBED_LR", 0.05))
    tied_embed_init_std = float(os.environ.get("TIED_EMBED_INIT_STD", 0.005))
    matrix_lr = float(os.environ.get("MATRIX_LR", 0.02))
    scalar_lr = float(os.environ.get("SCALAR_LR", 0.02))
    muon_momentum = float(os.environ.get("MUON_MOMENTUM", 0.95))
    muon_backend_steps = int(os.environ.get("MUON_BACKEND_STEPS", 5))
    muon_momentum_warmup_start = float(os.environ.get("MUON_MOMENTUM_WARMUP_START", 0.85))
    muon_momentum_warmup_steps = int(os.environ.get("MUON_MOMENTUM_WARMUP_STEPS", 500))
    beta1 = float(os.environ.get("BETA1", 0.9))
    beta2 = float(os.environ.get("BETA2", 0.95))
    adam_eps = float(os.environ.get("ADAM_EPS", 1e-8))
    grad_clip_norm = float(os.environ.get("GRAD_CLIP_NORM", 0.0))

# -----------------------------
# MUON OPTIMIZER 
# -----------------------------
# 
# As borrowed from modded-nanogpt
# Background on Muon: https://kellerjordan.github.io/posts/muon/

def zeropower_via_newtonschulz5(G: Tensor, steps: int = 10, eps: float = 1e-7) -> Tensor:
    # Orthogonalize a 2D update matrix with a fast Newton-Schulz iteration.
    # Muon uses this to normalize matrix-shaped gradients before applying them.
    a, b, c = (3.4445, -4.7750, 2.0315)
    X = G.bfloat16()
    X /= X.norm() + eps
    transposed = G.size(0) > G.size(1)
    if transposed:
        X = X.T
    for _ in range(steps):
        A = X @ X.T
        B = b * A + c * A @ A
        X = a * X + B @ X
    return X.T if transposed else X


def can_use_torch_compile() -> bool:
    return hasattr(torch, "compile") and importlib.util.find_spec("triton") is not None


def flash_gqa_supported(device: torch.device) -> bool:
    from torch.backends.cuda import enable_cudnn_sdp, enable_flash_sdp, enable_math_sdp, enable_mem_efficient_sdp

    q = torch.randn(1, 8, 8, 64, device=device, dtype=torch.bfloat16)
    k = torch.randn(1, 4, 8, 64, device=device, dtype=torch.bfloat16)
    v = torch.randn(1, 4, 8, 64, device=device, dtype=torch.bfloat16)
    enable_cudnn_sdp(False)
    enable_flash_sdp(True)
    enable_mem_efficient_sdp(False)
    enable_math_sdp(False)
    try:
        F.scaled_dot_product_attention(q, k, v, attn_mask=None, is_causal=True, enable_gqa=True)
        return True
    except RuntimeError:
        return False


class Muon(torch.optim.Optimizer):
    def __init__(self, params, lr: float, momentum: float, backend_steps: int, nesterov: bool = True):
        super().__init__(
            params,
            dict(lr=lr, momentum=momentum, backend_steps=backend_steps, nesterov=nesterov),
        )

    @torch.no_grad()
    def step(self, closure=None):
        loss = None
        if closure is not None:
            with torch.enable_grad():
                loss = closure()

        distributed = dist.is_available() and dist.is_initialized()
        world_size = dist.get_world_size() if distributed else 1
        rank = dist.get_rank() if distributed else 0

        for group in self.param_groups:
            params = group["params"]
            if not params:
                continue
            lr = group["lr"]
            momentum = group["momentum"]
            backend_steps = group["backend_steps"]
            nesterov = group["nesterov"]

            total_params = sum(int(p.numel()) for p in params)
            updates_flat = torch.zeros(total_params, device=params[0].device, dtype=torch.bfloat16)

            curr = 0
            for i, p in enumerate(params):
                if i % world_size == rank and p.grad is not None:
                    g = p.grad
                    state = self.state[p]
                    if "momentum_buffer" not in state:
                        state["momentum_buffer"] = torch.zeros_like(g)
                    buf = state["momentum_buffer"]
                    buf.mul_(momentum).add_(g)
                    if nesterov:
                        g = g.add(buf, alpha=momentum)
                    g = zeropower_via_newtonschulz5(g, steps=backend_steps)
                    # Scale correction from Muon reference implementations.
                    g *= max(1, g.size(0) / g.size(1)) ** 0.5
                    updates_flat[curr : curr + p.numel()] = g.reshape(-1)
                curr += p.numel()

            if distributed:
                dist.all_reduce(updates_flat, op=dist.ReduceOp.SUM)

            curr = 0
            for p in params:
                g = updates_flat[curr : curr + p.numel()].view_as(p).to(dtype=p.dtype)
                p.add_(g, alpha=-lr)
                curr += p.numel()

        return loss


# -----------------------------
# TOKENIZER-AGNOSTIC EVALUATION SETUP 
# -----------------------------
#
# It's common for small models have a large fraction of their parameters be embeddings, since the 2 * d_model * d_vocab vectors can be gigantic.
# Instead of locking the tokenizer, we let you bring your own and calculate our validation metrics on the average compression of the validation set.
# We calculate BPB (bits-per-byte) instead of validation loss, so we need methods to count the number of bits per token in the tokenizer.
# Note: Submissions that edit the tokenizer will be examined more carefully, since screwing this up might unjustly improve your score.

def build_sentencepiece_luts(
    sp: spm.SentencePieceProcessor, vocab_size: int, device: torch.device
) -> tuple[Tensor, Tensor, Tensor]:
    sp_vocab_size = int(sp.vocab_size())
    table_size = max(sp_vocab_size, vocab_size)
    base_bytes_np = np.zeros((table_size,), dtype=np.int16)
    has_leading_space_np = np.zeros((table_size,), dtype=np.bool_)
    is_boundary_token_np = np.ones((table_size,), dtype=np.bool_)
    for token_id in range(sp_vocab_size):
        if sp.is_control(token_id) or sp.is_unknown(token_id) or sp.is_unused(token_id):
            continue
        is_boundary_token_np[token_id] = False
        if sp.is_byte(token_id):
            base_bytes_np[token_id] = 1
            continue
        piece = sp.id_to_piece(token_id)
        if piece.startswith("▁"):
            has_leading_space_np[token_id] = True
            piece = piece[1:]
        base_bytes_np[token_id] = len(piece.encode("utf-8"))
    return (
        torch.tensor(base_bytes_np, dtype=torch.int16, device=device),
        torch.tensor(has_leading_space_np, dtype=torch.bool, device=device),
        torch.tensor(is_boundary_token_np, dtype=torch.bool, device=device),
    )


def load_validation_tokens(pattern: str, seq_len: int) -> Tensor:
    files = [Path(p) for p in sorted(glob.glob(pattern))]
    if not files:
        raise FileNotFoundError(f"No files found for pattern: {pattern}")
    # The export pipeline writes the fixed first-50k-doc validation set to fineweb_val_*.
    tokens = torch.cat([load_data_shard(file) for file in files]).contiguous()
    usable = ((tokens.numel() - 1) // seq_len) * seq_len
    if usable <= 0:
        raise ValueError(f"Validation split is too short for TRAIN_SEQ_LEN={seq_len}")
    return tokens[: usable + 1]


def eval_val(
    args: Hyperparameters,
    model: nn.Module,
    rank: int,
    world_size: int,
    device: torch.device,
    grad_accum_steps: int,
    val_tokens: Tensor,
    base_bytes_lut: Tensor,
    has_leading_space_lut: Tensor,
    is_boundary_token_lut: Tensor,
) -> tuple[float, float]:
    # Validation computes two metrics:
    # - val_loss: token cross-entropy (natural log)
    # - val_bpb: tokenizer-agnostic compression metric used by the challenge
    local_batch_tokens = args.val_batch_size // (world_size * grad_accum_steps)
    if local_batch_tokens < args.train_seq_len:
        raise ValueError(
            "VAL_BATCH_SIZE must provide at least one sequence per rank; "
            f"got VAL_BATCH_SIZE={args.val_batch_size}, WORLD_SIZE={world_size}, "
            f"GRAD_ACCUM_STEPS={grad_accum_steps}, TRAIN_SEQ_LEN={args.train_seq_len}"
        )
    local_batch_seqs = local_batch_tokens // args.train_seq_len
    total_seqs = (val_tokens.numel() - 1) // args.train_seq_len
    if args.val_max_tokens > 0:
        max_seqs = max(args.val_max_tokens // args.train_seq_len, 1)
        total_seqs = min(total_seqs, max_seqs)
    seq_start = (total_seqs * rank) // world_size
    seq_end = (total_seqs * (rank + 1)) // world_size
    val_loss_sum = torch.zeros((), device=device, dtype=torch.float64)
    val_token_count = torch.zeros((), device=device, dtype=torch.float64)
    val_byte_count = torch.zeros((), device=device, dtype=torch.float64)

    model.eval()
    with torch.inference_mode():
        for batch_seq_start in range(seq_start, seq_end, local_batch_seqs):
            batch_seq_end = min(batch_seq_start + local_batch_seqs, seq_end)
            raw_start = batch_seq_start * args.train_seq_len
            raw_end = batch_seq_end * args.train_seq_len + 1
            local = val_tokens[raw_start:raw_end].to(device=device, dtype=torch.int64, non_blocking=True)
            x = local[:-1].reshape(-1, args.train_seq_len)
            y = local[1:].reshape(-1, args.train_seq_len)
            with torch.autocast(device_type="cuda", dtype=torch.bfloat16, enabled=True):
                _, batch_loss, _ = model(x, y, return_components=True)
                batch_loss = batch_loss.detach()
            batch_token_count = float(y.numel())
            val_loss_sum += batch_loss.to(torch.float64) * batch_token_count
            val_token_count += batch_token_count
            prev_ids = x.reshape(-1)
            tgt_ids = y.reshape(-1)
            token_bytes = base_bytes_lut[tgt_ids].to(dtype=torch.int16)
            token_bytes += (has_leading_space_lut[tgt_ids] & ~is_boundary_token_lut[prev_ids]).to(dtype=torch.int16)
            val_byte_count += token_bytes.to(torch.float64).sum()

    if dist.is_available() and dist.is_initialized():
        dist.all_reduce(val_loss_sum, op=dist.ReduceOp.SUM)
        dist.all_reduce(val_token_count, op=dist.ReduceOp.SUM)
        dist.all_reduce(val_byte_count, op=dist.ReduceOp.SUM)

    val_loss = val_loss_sum / val_token_count
    bits_per_token = val_loss.item() / math.log(2.0)
    tokens_per_byte = val_token_count.item() / val_byte_count.item()
    model.train()
    return float(val_loss.item()), float(bits_per_token * tokens_per_byte)

# -----------------------------
# POST-TRAINING QUANTIZATION
# -----------------------------
#
# It's silly to export our model, which is trained in bf16 and fp32, at that same precision.
# Instead, we get approximately the same model (with a small hit) by quantizing the model to int8 & zlib compressing.
# We can then decompress the model and run in higher precision for evaluation, after closing in under the size limit.

CONTROL_TENSOR_NAME_PATTERNS = tuple(
    pattern
    for pattern in os.environ.get(
        "CONTROL_TENSOR_NAME_PATTERNS",
        "attn_scale,attn_scales,mlp_scale,mlp_scales,resid_mix,resid_mixes,q_gain,skip_weight,skip_weights",
    ).split(",")
    if pattern
)
INT8_KEEP_FLOAT_FP32_NAME_PATTERNS = tuple(
    pattern
    for pattern in os.environ.get(
        "INT8_KEEP_FLOAT_FP32_NAME_PATTERNS",
        ",".join(CONTROL_TENSOR_NAME_PATTERNS),
    ).split(",")
    if pattern
)
INT8_KEEP_FLOAT_MAX_NUMEL = 65_536
INT8_KEEP_FLOAT_STORE_DTYPE = torch.float16
INT8_PER_ROW_SCALE_DTYPE = torch.float16
INT8_CLIP_PERCENTILE = 99.99984
INT8_CLIP_Q = INT8_CLIP_PERCENTILE / 100.0

def tensor_nbytes(t: Tensor) -> int:
    return int(t.numel()) * int(t.element_size())

def keep_float_tensor(name: str, t: Tensor, passthrough_orig_dtypes: dict[str, str]) -> Tensor:
    if any(pattern in name for pattern in INT8_KEEP_FLOAT_FP32_NAME_PATTERNS):
        return t.float().contiguous()
    if t.dtype in {torch.float32, torch.bfloat16}:
        passthrough_orig_dtypes[name] = str(t.dtype).removeprefix("torch.")
        return t.to(dtype=INT8_KEEP_FLOAT_STORE_DTYPE).contiguous()
    return t

def quantize_float_tensor(t: Tensor) -> tuple[Tensor, Tensor]:
    t32 = t.float()
    if t32.ndim == 2:
        # Matrices get one scale per row, which usually tracks output-channel
        # ranges much better than a single tensor-wide scale.
        clip_abs = (
            torch.quantile(t32.abs(), INT8_CLIP_Q, dim=1)
            if t32.numel()
            else torch.empty((t32.shape[0],), dtype=torch.float32)
        )
        clipped = torch.maximum(torch.minimum(t32, clip_abs[:, None]), -clip_abs[:, None])
        scale = (clip_abs / 127.0).clamp_min(1.0 / 127.0)
        q = torch.clamp(torch.round(clipped / scale[:, None]), -127, 127).to(torch.int8).contiguous()
        return q, scale.to(dtype=INT8_PER_ROW_SCALE_DTYPE).contiguous()

    # Vectors / scalars use a simpler per-tensor scale.
    clip_abs = float(torch.quantile(t32.abs().flatten(), INT8_CLIP_Q).item()) if t32.numel() else 0.0
    scale = torch.tensor(clip_abs / 127.0 if clip_abs > 0 else 1.0, dtype=torch.float32)
    q = torch.clamp(torch.round(torch.clamp(t32, -clip_abs, clip_abs) / scale), -127, 127).to(torch.int8).contiguous()
    return q, scale

def quantize_state_dict_int8(state_dict: dict[str, Tensor]):
    # Single supported clean-script export format:
    # - per-row int8 for 2D float tensors
    # - per-tensor int8 for other float tensors
    # - exact passthrough for non-floats
    # - passthrough for small float tensors, stored as fp16 to save bytes
    quantized: dict[str, Tensor] = {}
    scales: dict[str, Tensor] = {}
    dtypes: dict[str, str] = {}
    passthrough: dict[str, Tensor] = {}
    passthrough_orig_dtypes: dict[str, str] = {}
    qmeta: dict[str, dict[str, object]] = {}
    stats = dict.fromkeys(
        ("param_count", "num_tensors", "num_float_tensors", "num_nonfloat_tensors", "baseline_tensor_bytes", "int8_payload_bytes"),
        0,
    )

    for name, tensor in state_dict.items():
        t = tensor.detach().to("cpu").contiguous()
        stats["param_count"] += int(t.numel())
        stats["num_tensors"] += 1
        stats["baseline_tensor_bytes"] += tensor_nbytes(t)

        if not t.is_floating_point():
            stats["num_nonfloat_tensors"] += 1
            passthrough[name] = t
            stats["int8_payload_bytes"] += tensor_nbytes(t)
            continue

        # Small float tensors are cheap enough to keep directly. We still downcast
        # fp32/bf16 passthrough tensors to fp16 so metadata does not dominate size.
        if t.numel() <= INT8_KEEP_FLOAT_MAX_NUMEL:
            kept = keep_float_tensor(name, t, passthrough_orig_dtypes)
            passthrough[name] = kept
            stats["int8_payload_bytes"] += tensor_nbytes(kept)
            continue

        stats["num_float_tensors"] += 1
        q, s = quantize_float_tensor(t)
        if s.ndim > 0:
            qmeta[name] = {"scheme": "per_row", "axis": 0}
        quantized[name] = q
        scales[name] = s
        dtypes[name] = str(t.dtype).removeprefix("torch.")
        stats["int8_payload_bytes"] += tensor_nbytes(q) + tensor_nbytes(s)

    obj: dict[str, object] = {
        "__quant_format__": "int8_clean_per_row_v1",
        "quantized": quantized,
        "scales": scales,
        "dtypes": dtypes,
        "passthrough": passthrough,
    }
    if qmeta:
        obj["qmeta"] = qmeta
    if passthrough_orig_dtypes:
        obj["passthrough_orig_dtypes"] = passthrough_orig_dtypes
    return obj, stats

def dequantize_state_dict_int8(obj: dict[str, object]) -> dict[str, Tensor]:
    out: dict[str, Tensor] = {}
    qmeta = obj.get("qmeta", {})
    passthrough_orig_dtypes = obj.get("passthrough_orig_dtypes", {})
    for name, q in obj["quantized"].items():
        dtype = getattr(torch, obj["dtypes"][name])
        s = obj["scales"][name]
        if qmeta.get(name, {}).get("scheme") == "per_row" or s.ndim > 0:
            s = s.to(dtype=torch.float32)
            # Broadcast the saved row scale back across trailing dimensions.
            out[name] = (q.float() * s.view(q.shape[0], *([1] * (q.ndim - 1)))).to(dtype=dtype).contiguous()
        else:
            scale = float(s.item())
            out[name] = (q.float() * scale).to(dtype=dtype).contiguous()
    for name, t in obj["passthrough"].items():
        # Restore small tensors, undoing the temporary fp16 storage cast if needed.
        out_t = t.detach().to("cpu").contiguous()
        orig_dtype = passthrough_orig_dtypes.get(name)
        if isinstance(orig_dtype, str):
            out_t = out_t.to(dtype=getattr(torch, orig_dtype)).contiguous()
        out[name] = out_t
    return out


# -----------------------------
# DATA LOADING 
# -----------------------------

def load_data_shard(file: Path) -> Tensor:
    header_bytes = 256 * np.dtype("<i4").itemsize
    token_bytes = np.dtype("<u2").itemsize
    header = np.fromfile(file, dtype="<i4", count=256)
    # SHARD HEADER INTS & SHARD_MAGIC
    if header.size != 256 or int(header[0]) != 20240520 or int(header[1]) != 1:
        raise ValueError(f"Unexpected shard header for {file}")
    num_tokens = int(header[2])
    expected_size = header_bytes + num_tokens * token_bytes
    if file.stat().st_size != expected_size:
        raise ValueError(f"Shard size mismatch for {file}: expected {expected_size} bytes")
    tokens_np = np.fromfile(file, dtype="<u2", count=num_tokens, offset=header_bytes)
    if tokens_np.size != num_tokens:
        raise ValueError(f"Short read for {file}")
    return torch.from_numpy(tokens_np.astype(np.uint16, copy=False))


class TokenStream:
    # Reads shards sequentially and wraps around forever. The training loop therefore
    # has deterministic, simple streaming behavior with no sampling or workers.
    def __init__(self, pattern: str):
        self.files = [Path(p) for p in sorted(glob.glob(pattern))]
        if not self.files:
            raise FileNotFoundError(f"No files found for pattern: {pattern}")
        self.file_idx = 0
        self.tokens = load_data_shard(self.files[0])
        self.pos = 0

    def _advance_file(self) -> None:
        self.file_idx = (self.file_idx + 1) % len(self.files)
        self.tokens = load_data_shard(self.files[self.file_idx])
        self.pos = 0

    def take(self, n: int) -> Tensor:
        chunks: list[Tensor] = []
        remaining = n
        while remaining > 0:
            avail = self.tokens.numel() - self.pos
            if avail <= 0:
                self._advance_file()
                continue
            k = min(remaining, avail)
            chunks.append(self.tokens[self.pos : self.pos + k])
            self.pos += k
            remaining -= k
        return chunks[0] if len(chunks) == 1 else torch.cat(chunks)


class DistributedTokenLoader:
    # Each call consumes a contiguous chunk from the shared token stream, then slices out
    # one disjoint span per rank. The extra "+1" token lets us build (x, y) by shifting.
    def __init__(self, pattern: str, rank: int, world_size: int, device: torch.device):
        self.rank = rank
        self.world_size = world_size
        self.device = device
        self.stream = TokenStream(pattern)

    def next_batch(self, global_tokens: int, seq_len: int, grad_accum_steps: int) -> tuple[Tensor, Tensor]:
        local_tokens = global_tokens // (self.world_size * grad_accum_steps)
        per_rank_span = local_tokens + 1
        chunk = self.stream.take(per_rank_span * self.world_size)
        start = self.rank * per_rank_span
        local = chunk[start : start + per_rank_span].to(dtype=torch.int64)
        x = local[:-1].reshape(-1, seq_len)
        y = local[1:].reshape(-1, seq_len)
        return x.to(self.device, non_blocking=True), y.to(self.device, non_blocking=True)

# -----------------------------
# TRANSFORMER MODULES
# -----------------------------

class RMSNorm(nn.Module):
    def __init__(self, eps: float | None = None):
        super().__init__()
        self.eps = eps

    def forward(self, x: Tensor) -> Tensor:
        return F.rms_norm(x, (x.size(-1),), eps=self.eps)


class CastedLinear(nn.Linear):
    # Keep weights in fp32 for optimizer/state quality, cast at matmul time for bf16 compute.
    def forward(self, x: Tensor) -> Tensor:
        bias = self.bias.to(x.dtype) if self.bias is not None else None
        return F.linear(x, self.weight.to(x.dtype), bias)


class LowerTriangularLinear(nn.Module):
    # Store only the lower-triangular entries in fp32, materialize a dense matrix at matmul time.
    def __init__(
        self,
        in_features: int,
        out_features: int,
        bias: bool = False,
        device: torch.device | None = None,
        dtype: torch.dtype | None = None,
    ):
        super().__init__()
        self.in_features = in_features
        self.out_features = out_features
        lower_rows, lower_cols = torch.tril_indices(out_features, in_features, offset=0, device=device)
        self.register_buffer("_lower_rows", lower_rows, persistent=False)
        self.register_buffer("_lower_cols", lower_cols, persistent=False)
        self.packed_weight = nn.Parameter(torch.empty(lower_rows.numel(), device=device, dtype=dtype))
        if bias:
            self.bias = nn.Parameter(torch.empty(out_features, device=device, dtype=dtype))
        else:
            self.register_parameter("bias", None)
        self.reset_parameters()

    def reset_parameters(self) -> None:
        dense_weight = torch.empty(
            self.out_features,
            self.in_features,
            device=self.packed_weight.device,
            dtype=self.packed_weight.dtype,
        )
        nn.init.kaiming_uniform_(dense_weight, a=math.sqrt(5))
        with torch.no_grad():
            self.packed_weight.copy_(dense_weight[self._lower_rows, self._lower_cols])
        if self.bias is not None:
            bound = 1 / math.sqrt(self.in_features) if self.in_features > 0 else 0.0
            nn.init.uniform_(self.bias, -bound, bound)

    @property
    def weight(self) -> Tensor:
        weight = self.packed_weight.new_zeros((self.out_features, self.in_features))
        weight[self._lower_rows, self._lower_cols] = self.packed_weight
        return weight

    def forward(self, x: Tensor) -> Tensor:
        bias = self.bias.to(x.dtype) if self.bias is not None else None
        return F.linear(x, self.weight.to(x.dtype), bias)

    def extra_repr(self) -> str:
        return f"in_features={self.in_features}, out_features={self.out_features}, bias={self.bias is not None}"


def restore_low_dim_params_to_fp32(module: nn.Module) -> None:
    # Keep small/control parameters in fp32 even when the model body runs in bf16.
    with torch.no_grad():
        for name, param in module.named_parameters():
            if (param.ndim < 2 or any(pattern in name for pattern in CONTROL_TENSOR_NAME_PATTERNS)) and param.dtype != torch.float32:
                param.data = param.data.float()


class Rotary(nn.Module):
    # Caches cos/sin tables per sequence length on the current device.
    def __init__(self, dim: int, base: float = 10000.0):
        super().__init__()
        inv_freq = 1.0 / (base ** (torch.arange(0, dim, 2, dtype=torch.float32) / dim))
        self.register_buffer("inv_freq", inv_freq, persistent=False)
        self._seq_len_cached = 0
        self._cos_cached: Tensor | None = None
        self._sin_cached: Tensor | None = None

    def forward(self, seq_len: int, device: torch.device, dtype: torch.dtype) -> tuple[Tensor, Tensor]:
        if (
            self._cos_cached is None
            or self._sin_cached is None
            or self._seq_len_cached != seq_len
            or self._cos_cached.device != device
        ):
            t = torch.arange(seq_len, device=device, dtype=self.inv_freq.dtype)
            freqs = torch.outer(t, self.inv_freq.to(device))
            self._cos_cached = freqs.cos()[None, None, :, :]
            self._sin_cached = freqs.sin()[None, None, :, :]
            self._seq_len_cached = seq_len
        return self._cos_cached.to(dtype=dtype), self._sin_cached.to(dtype=dtype)


def apply_rotary_emb(x: Tensor, cos: Tensor, sin: Tensor) -> Tensor:
    half = x.size(-1) // 2
    x1, x2 = x[..., :half], x[..., half:]
    return torch.cat((x1 * cos + x2 * sin, x1 * (-sin) + x2 * cos), dim=-1)


class CausalSelfAttention(nn.Module):
    def __init__(
        self,
        dim: int,
        num_heads: int,
        num_kv_heads: int,
        rope_base: float,
        qk_gain_init: float,
    ):
        super().__init__()
        if dim % num_heads != 0:
            raise ValueError("model_dim must be divisible by num_heads")
        if num_heads % num_kv_heads != 0:
            raise ValueError("num_heads must be divisible by num_kv_heads")
        self.num_heads = num_heads
        self.num_kv_heads = num_kv_heads
        self.head_dim = dim // num_heads
        if self.head_dim % 2 != 0:
            raise ValueError("head_dim must be even for RoPE")
        kv_dim = self.num_kv_heads * self.head_dim
        self.c_q = CastedLinear(dim, dim, bias=False)
        self.c_k = CastedLinear(dim, kv_dim, bias=False)
        self.c_v = CastedLinear(dim, kv_dim, bias=False)
        self.proj = CastedLinear(dim, dim, bias=False)
        self.proj._zero_init = True
        self.q_gain = nn.Parameter(torch.full((num_heads,), qk_gain_init, dtype=torch.float32))
        self.rotary = Rotary(self.head_dim, base=rope_base)

    def forward(self, x: Tensor) -> Tensor:
        bsz, seqlen, dim = x.shape
        q = self.c_q(x).reshape(bsz, seqlen, self.num_heads, self.head_dim).transpose(1, 2)
        k = self.c_k(x).reshape(bsz, seqlen, self.num_kv_heads, self.head_dim).transpose(1, 2)
        v = self.c_v(x).reshape(bsz, seqlen, self.num_kv_heads, self.head_dim).transpose(1, 2)
        q = F.rms_norm(q, (q.size(-1),))
        k = F.rms_norm(k, (k.size(-1),))
        cos, sin = self.rotary(seqlen, x.device, q.dtype)
        q = apply_rotary_emb(q, cos, sin)
        k = apply_rotary_emb(k, cos, sin)
        q = q * self.q_gain.to(dtype=q.dtype)[None, :, None, None]
        y = F.scaled_dot_product_attention(
            q,
            k,
            v,
            attn_mask=None,
            is_causal=True,
            enable_gqa=(self.num_kv_heads != self.num_heads),
        )
        y = y.transpose(1, 2).contiguous().reshape(bsz, seqlen, dim)
        return self.proj(y)


class MLP(nn.Module):
    # relu^2 MLP from the original modded-nanogpt setup
    def __init__(self, dim: int, mlp_mult: int):
        super().__init__()
        hidden = mlp_mult * dim
        self.fc = CastedLinear(dim, hidden, bias=False)
        self.proj = CastedLinear(hidden, dim, bias=False)
        self.proj._zero_init = True

    def forward(self, x: Tensor) -> Tensor:
        x = torch.relu(self.fc(x))
        return self.proj(x.square())


class Block(nn.Module):
    def __init__(
        self,
        dim: int,
        num_heads: int,
        num_kv_heads: int,
        mlp_mult: int,
        rope_base: float,
        qk_gain_init: float,
    ):
        super().__init__()
        self.attn_norm = RMSNorm()
        self.mlp_norm = RMSNorm()
        self.attn = CausalSelfAttention(dim, num_heads, num_kv_heads, rope_base, qk_gain_init)
        self.mlp = MLP(dim, mlp_mult)
        self.attn_scale = nn.Parameter(torch.ones(dim, dtype=torch.float32))
        self.mlp_scale = nn.Parameter(torch.ones(dim, dtype=torch.float32))
        self.resid_mix = nn.Parameter(torch.stack((torch.ones(dim), torch.zeros(dim))).float())

    def forward(self, x: Tensor, x0: Tensor) -> Tensor:
        mix = self.resid_mix.to(dtype=x.dtype)
        x = mix[0][None, None, :] * x + mix[1][None, None, :] * x0
        attn_out = self.attn(self.attn_norm(x))
        x = x + self.attn_scale.to(dtype=x.dtype)[None, None, :] * attn_out
        x = x + self.mlp_scale.to(dtype=x.dtype)[None, None, :] * self.mlp(self.mlp_norm(x))
        return x

class AuxNet(nn.Module):
    # Small bottleneck editor for cheap serialized size.
    def __init__(
        self,
        dim: int,
        aux_dim: int,
    ):
        super().__init__()
        if aux_dim <= 0:
            raise ValueError(f"aux_dim must be positive, got {aux_dim}")
        aux_dim = min(aux_dim, dim)
        self.input_norm = RMSNorm()
        self.down_proj = CastedLinear(dim, aux_dim, bias=False)
        self.hidden_norm = RMSNorm()
        self.editor = nn.Sequential(
            CastedLinear(aux_dim, aux_dim, bias=False),
            nn.ReLU(),
            CastedLinear(aux_dim, aux_dim, bias=False),
        )
        self.output_norm = RMSNorm()
        self.up_proj = CastedLinear(aux_dim, dim, bias=False)
        # Start as a no-op editor until training learns a useful residual edit.
        self.edit_scale = nn.Parameter(torch.zeros(dim, dtype=torch.float32))
        self.space_head = nn.Sequential(
            CastedLinear(aux_dim, aux_dim, bias=False),
            nn.ReLU(),
            CastedLinear(aux_dim, 1, bias=False),
        )
        self.space_head[-1]._zero_init = True
        self._init_weights()

    def _init_weights(self) -> None:
        for module in self.modules():
            if isinstance(module, nn.Linear) and getattr(module, "_zero_init", False):
                nn.init.zeros_(module.weight)

    def forward(self, embeddings: Tensor) -> tuple[Tensor, Tensor]:
        x = self.down_proj(self.input_norm(embeddings))
        x = self.hidden_norm(x)
        x = self.output_norm(x + self.editor(x))
        edit_hidden = self.up_proj(x)
        edit = self.edit_scale.to(dtype=edit_hidden.dtype)[None, None, :] * edit_hidden
        space_logits = self.space_head(x).squeeze(-1)
        return edit, space_logits

class GPT(nn.Module):
    def __init__(
        self,
        vocab_size: int,
        num_layers: int,
        model_dim: int,
        num_heads: int,
        num_kv_heads: int,
        mlp_mult: int,
        tie_embeddings: bool,
        tied_embed_init_std: float,
        logit_softcap: float,
        rope_base: float,
        qk_gain_init: float,
        has_leading_space_lut: Tensor,
        aux_loss_weight: float,
        aux_dim: int,
    ):
        super().__init__()
        if logit_softcap <= 0.0:
            raise ValueError(f"logit_softcap must be positive, got {logit_softcap}")
        if aux_loss_weight < 0.0:
            raise ValueError(f"aux_loss_weight must be non-negative, got {aux_loss_weight}")
        self.tie_embeddings = tie_embeddings
        self.tied_embed_init_std = tied_embed_init_std
        self.logit_softcap = logit_softcap
        self.aux_loss_weight = aux_loss_weight
        self.tok_emb = nn.Embedding(vocab_size, model_dim)
        self.triangular = LowerTriangularLinear(model_dim, model_dim, bias=False)
        self.aux_net = AuxNet(
            model_dim,
            aux_dim,
        )
        self.num_encoder_layers = num_layers // 2
        self.num_decoder_layers = num_layers - self.num_encoder_layers
        self.num_skip_weights = min(self.num_encoder_layers, self.num_decoder_layers)
        self.skip_weights = nn.Parameter(torch.ones(self.num_skip_weights, model_dim, dtype=torch.float32))
        self.blocks = nn.ModuleList(
            [
                Block(
                    model_dim,
                    num_heads,
                    num_kv_heads,
                    mlp_mult,
                    rope_base,
                    qk_gain_init,
                )
                for i in range(num_layers)
            ]
        )
        self.final_norm = RMSNorm()
        self.lm_head = None if tie_embeddings else CastedLinear(model_dim, vocab_size, bias=False)
        self.register_buffer("has_leading_space_lut", has_leading_space_lut.to(dtype=torch.bool), persistent=False)
        if self.lm_head is not None:
            self.lm_head._zero_init = True
        self._init_weights()

    def _init_weights(self) -> None:
        if self.tie_embeddings:
            nn.init.normal_(self.tok_emb.weight, mean=0.0, std=self.tied_embed_init_std)
        for module in self.modules():
            if isinstance(module, nn.Linear) and getattr(module, "_zero_init", False):
                nn.init.zeros_(module.weight)
            if isinstance(module, LowerTriangularLinear) and getattr(module, "_zero_init", False):
                nn.init.zeros_(module.packed_weight)

    def forward(self, input_ids: Tensor, target_ids: Tensor, return_components: bool = False) -> Tensor | tuple[Tensor, Tensor, Tensor]:
        x = self.tok_emb(input_ids)
        x = self.triangular(x)
        x = F.rms_norm(x, (x.size(-1),))
        aux_edit, aux_logits = self.aux_net(x)
        x0 = x
        skips: list[Tensor] = []

        # First half stores skips; second half reuses them in reverse order.
        for i in range(self.num_encoder_layers):
            x = self.blocks[i](x, x0)
            skips.append(x)
        for i in range(self.num_decoder_layers):
            if skips:
                x = x + self.skip_weights[i].to(dtype=x.dtype)[None, None, :] * skips.pop()
            x = self.blocks[self.num_encoder_layers + i](x, x0)

        x = self.final_norm(x).reshape(-1, x.size(-1))
        aux_logits_proj = F.linear(aux_edit.reshape(-1, aux_edit.size(-1)), self.tok_emb.weight)
        targets = target_ids.reshape(-1)
        if self.tie_embeddings:
            logits_proj = F.linear(x, self.tok_emb.weight)
        else:
            if self.lm_head is None:
                raise RuntimeError("lm_head is required when tie_embeddings=False")
            logits_proj = self.lm_head(x)
        logits_proj = logits_proj + aux_logits_proj
        logits = self.logit_softcap * torch.tanh(logits_proj / self.logit_softcap)
        lm_loss = F.cross_entropy(logits.float(), targets, reduction="mean")
        aux_targets = self.has_leading_space_lut[target_ids].to(dtype=aux_logits.dtype)
        aux_loss = F.binary_cross_entropy_with_logits(aux_logits.float(), aux_targets.float(), reduction="mean")
        total_loss = lm_loss + self.aux_loss_weight * aux_loss
        if return_components:
            return total_loss, lm_loss, aux_loss
        return total_loss


# -----------------------------
# TRAINING
# -----------------------------

def main() -> None:
    global zeropower_via_newtonschulz5

    code = Path(__file__).read_text(encoding="utf-8")
    args = Hyperparameters()
    compile_enabled = args.enable_compile and can_use_torch_compile()
    if compile_enabled:
        zeropower_via_newtonschulz5 = torch.compile(zeropower_via_newtonschulz5)

    # -----------------------------
    # DISTRIBUTED + CUDA SETUP
    # -----------------------------

    distributed = "RANK" in os.environ and "WORLD_SIZE" in os.environ
    rank = int(os.environ.get("RANK", "0"))
    world_size = int(os.environ.get("WORLD_SIZE", "1"))
    local_rank = int(os.environ.get("LOCAL_RANK", "0"))
    if world_size <= 0:
        raise ValueError(f"WORLD_SIZE must be positive, got {world_size}")
    if 8 % world_size != 0:
        raise ValueError(f"WORLD_SIZE={world_size} must divide 8 so grad_accum_steps stays integral")
    grad_accum_steps = 8 // world_size
    grad_scale = 1.0 / grad_accum_steps
    if not torch.cuda.is_available():
        raise RuntimeError("CUDA is required")
    device = torch.device("cuda", local_rank)
    torch.cuda.set_device(device)
    if distributed:
        backend = "nccl" if dist.is_nccl_available() else "gloo"
        init_kwargs = dict(backend=backend)
        if backend == "nccl":
            init_kwargs["device_id"] = device
        dist.init_process_group(**init_kwargs)
        dist.barrier()
    master_process = rank == 0

    # Fast math knobs
    torch.backends.cuda.matmul.allow_tf32 = True
    torch.backends.cudnn.allow_tf32 = True
    from torch.backends.cuda import enable_cudnn_sdp, enable_flash_sdp, enable_math_sdp, enable_mem_efficient_sdp

    use_flash_gqa = flash_gqa_supported(device)
    enable_cudnn_sdp(False)
    enable_flash_sdp(use_flash_gqa)
    enable_mem_efficient_sdp(False)
    enable_math_sdp(not use_flash_gqa)

    logfile = None
    if master_process:
        os.makedirs("logs", exist_ok=True)
        logfile = f"logs/{args.run_id}.txt"
        print(logfile)

    def log0(msg: str, console: bool = True) -> None:
        if not master_process:
            return
        if console:
            print(msg)
        if logfile is not None:
            with open(logfile, "a", encoding="utf-8") as f:
                print(msg, file=f)

    log0(code, console=False)
    log0("=" * 100, console=False)
    log0(f"Running Python {sys.version}", console=False)
    log0(f"Running PyTorch {torch.__version__}", console=False)
    log0(
        subprocess.run(["nvidia-smi"], stdout=subprocess.PIPE, stderr=subprocess.PIPE, text=True, check=False).stdout,
        console=False,
    )
    log0("=" * 100, console=False)
    log0(f"torch_compile_enabled:{compile_enabled}")
    if distributed:
        log0(f"distributed_backend:{dist.get_backend()}")

    # -----------------------------
    # TOKENIZER + VALIDATION METRIC SETUP
    # -----------------------------

    random.seed(args.seed)
    np.random.seed(args.seed)
    torch.manual_seed(args.seed)
    torch.cuda.manual_seed_all(args.seed)

    if not args.tokenizer_path.endswith(".model"):
        raise ValueError(f"Script only setup for SentencePiece .model file: {args.tokenizer_path}")
    sp = spm.SentencePieceProcessor(model_file=args.tokenizer_path)
    if int(sp.vocab_size()) != args.vocab_size:
        raise ValueError(
            f"VOCAB_SIZE={args.vocab_size} does not match tokenizer vocab_size={int(sp.vocab_size())}"
        )
    dataset_dir = Path(args.data_path).resolve()
    actual_train_files = len(list(dataset_dir.glob("fineweb_train_*.bin")))
    val_tokens = load_validation_tokens(args.val_files, args.train_seq_len)
    base_bytes_lut, has_leading_space_lut, is_boundary_token_lut = build_sentencepiece_luts(
        sp, args.vocab_size, device
    )
    log0(f"val_bpb:enabled tokenizer_kind=sentencepiece tokenizer_path={args.tokenizer_path}")
    log0(f"train_loader:dataset:{dataset_dir.name} train_shards:{actual_train_files}")
    log0(f"val_loader:shards pattern={args.val_files} tokens:{val_tokens.numel() - 1}")

    # -----------------------------
    # MODEL + OPTIMIZER SETUP
    # -----------------------------

    base_model = GPT(
        vocab_size=args.vocab_size,
        num_layers=args.num_layers,
        model_dim=args.model_dim,
        num_heads=args.num_heads,
        num_kv_heads=args.num_kv_heads,
        mlp_mult=args.mlp_mult,
        tie_embeddings=args.tie_embeddings,
        tied_embed_init_std=args.tied_embed_init_std,
        logit_softcap=args.logit_softcap,
        rope_base=args.rope_base,
        qk_gain_init=args.qk_gain_init,
        has_leading_space_lut=has_leading_space_lut,
        aux_loss_weight=args.aux_loss_weight,
        aux_dim=args.aux_dim,
    ).to(device).bfloat16()
    for module in base_model.modules():
        if isinstance(module, (CastedLinear, LowerTriangularLinear)):
            module.float()
    restore_low_dim_params_to_fp32(base_model)
    compiled_model = torch.compile(base_model, dynamic=False, fullgraph=True) if compile_enabled else base_model
    model: nn.Module = DDP(compiled_model, device_ids=[local_rank], broadcast_buffers=False) if distributed else compiled_model

    # Optimizer split:
    # - token embedding (Adam) uses EMBED_LR
    # - untied lm_head (Adam) uses HEAD_LR
    # - dense matrix params use MATRIX_LR via Muon
    # - packed lower-triangular params use MATRIX_LR via Adam (Muon expects 2D tensors)
    # - vectors/scalars use SCALAR_LR via Adam
    body_named_params = [
        (name, p)
        for name, p in base_model.named_parameters()
        if name not in {"tok_emb.weight", "lm_head.weight"}
    ]
    packed_matrix_params = [p for name, p in body_named_params if name.endswith("packed_weight")]
    matrix_params = [
        p
        for name, p in body_named_params
        if p.ndim == 2 and not any(pattern in name for pattern in CONTROL_TENSOR_NAME_PATTERNS)
    ]
    scalar_params = [
        p
        for name, p in body_named_params
        if (p.ndim < 2 and not name.endswith("packed_weight")) or any(pattern in name for pattern in CONTROL_TENSOR_NAME_PATTERNS)
    ]
    token_lr = args.tied_embed_lr if args.tie_embeddings else args.embed_lr
    optimizer_tok = torch.optim.Adam(
        [{"params": [base_model.tok_emb.weight], "lr": token_lr, "base_lr": token_lr}],
        betas=(args.beta1, args.beta2),
        eps=args.adam_eps,
        fused=True,
    )
    optimizer_muon = Muon(
        matrix_params,
        lr=args.matrix_lr,
        momentum=args.muon_momentum,
        backend_steps=args.muon_backend_steps,
    )
    for group in optimizer_muon.param_groups:
        group["base_lr"] = args.matrix_lr
    optimizer_packed_matrix = torch.optim.Adam(
        [{"params": packed_matrix_params, "lr": args.matrix_lr, "base_lr": args.matrix_lr}],
        betas=(args.beta1, args.beta2),
        eps=args.adam_eps,
        fused=True,
    )
    optimizer_scalar = torch.optim.Adam(
        [{"params": scalar_params, "lr": args.scalar_lr, "base_lr": args.scalar_lr}],
        betas=(args.beta1, args.beta2),
        eps=args.adam_eps,
        fused=True,
    )
    optimizers: list[torch.optim.Optimizer] = [optimizer_tok, optimizer_muon, optimizer_packed_matrix, optimizer_scalar]
    if base_model.lm_head is not None:
        optimizer_head = torch.optim.Adam(
            [{"params": [base_model.lm_head.weight], "lr": args.head_lr, "base_lr": args.head_lr}],
            betas=(args.beta1, args.beta2),
            eps=args.adam_eps,
            fused=True,
        )
        optimizers.insert(1, optimizer_head)

    n_params = sum(p.numel() for p in base_model.parameters())
    log0(f"model_params:{n_params}")
    log0(f"world_size:{world_size} grad_accum_steps:{grad_accum_steps}")
    log0(
        f"sdp_backends:cudnn=False flash={use_flash_gqa} mem_efficient=False math={not use_flash_gqa}"
    )
    log0(f"attention_mode:gqa num_heads:{args.num_heads} num_kv_heads:{args.num_kv_heads}")
    log0(
        f"tie_embeddings:{args.tie_embeddings} embed_lr:{token_lr} "
        f"head_lr:{args.head_lr if base_model.lm_head is not None else 0.0} "
        f"matrix_lr:{args.matrix_lr} scalar_lr:{args.scalar_lr} "
        f"aux_loss_weight:{args.aux_loss_weight} aux_dim:{args.aux_dim}"
    )
    log0(
        f"train_batch_tokens:{args.train_batch_tokens} train_seq_len:{args.train_seq_len} "
        f"iterations:{args.iterations} warmup_steps:{args.warmup_steps} "
        f"max_wallclock_seconds:{args.max_wallclock_seconds:.3f}"
    )
    if args.val_max_tokens > 0:
        log0(f"val_max_tokens:{args.val_max_tokens}")
    log0(f"seed:{args.seed}")

    # -----------------------------
    # DATA LOADER & MODEL WARMUP
    # -----------------------------

    train_loader = DistributedTokenLoader(args.train_files, rank, world_size, device)

    def zero_grad_all() -> None:
        for opt in optimizers:
            opt.zero_grad(set_to_none=True)

    max_wallclock_ms = 1000.0 * args.max_wallclock_seconds if args.max_wallclock_seconds > 0 else None

    def lr_mul(step: int, elapsed_ms: float) -> float:
        if args.warmdown_iters <= 0:
            return 1.0
        if max_wallclock_ms is None:
            warmdown_start = max(args.iterations - args.warmdown_iters, 0)
            return max((args.iterations - step) / max(args.warmdown_iters, 1), 0.0) if warmdown_start <= step < args.iterations else 1.0
        step_ms = elapsed_ms / max(step, 1)
        warmdown_ms = args.warmdown_iters * step_ms
        remaining_ms = max(max_wallclock_ms - elapsed_ms, 0.0)
        return remaining_ms / max(warmdown_ms, 1e-9) if remaining_ms <= warmdown_ms else 1.0

    # Warmup primes the compiled forward/backward/optimizer paths, then we restore the
    # initial weights/optimizer state so measured training starts from the true init.
    if args.warmup_steps > 0:
        initial_model_state = {name: tensor.detach().cpu().clone() for name, tensor in base_model.state_dict().items()}
        initial_optimizer_states = [copy.deepcopy(opt.state_dict()) for opt in optimizers]
        model.train()
        for warmup_step in range(args.warmup_steps):
            zero_grad_all()
            for micro_step in range(grad_accum_steps):
                if distributed:
                    model.require_backward_grad_sync = micro_step == grad_accum_steps - 1
                x, y = train_loader.next_batch(args.train_batch_tokens, args.train_seq_len, grad_accum_steps)
                with torch.autocast(device_type="cuda", dtype=torch.bfloat16, enabled=True):
                    warmup_loss = model(x, y)
                (warmup_loss * grad_scale).backward()
            for opt in optimizers:
                opt.step()
            zero_grad_all()
            if args.warmup_steps <= 20 or (warmup_step + 1) % 10 == 0 or warmup_step + 1 == args.warmup_steps:
                log0(f"warmup_step:{warmup_step + 1}/{args.warmup_steps}")
        base_model.load_state_dict(initial_model_state, strict=True)
        for opt, state in zip(optimizers, initial_optimizer_states, strict=True):
            opt.load_state_dict(state)
        zero_grad_all()
        if distributed:
            model.require_backward_grad_sync = True
        train_loader = DistributedTokenLoader(args.train_files, rank, world_size, device)

    # -----------------------------
    # MAIN TRAINING LOOP
    # -----------------------------

    training_time_ms = 0.0
    stop_after_step: int | None = None
    torch.cuda.synchronize()
    t0 = time.perf_counter()

    step = 0
    while True:
        last_step = step == args.iterations or (stop_after_step is not None and step >= stop_after_step)

        should_validate = last_step or (args.val_loss_every > 0 and step % args.val_loss_every == 0)
        if should_validate:
            torch.cuda.synchronize()
            training_time_ms += 1000.0 * (time.perf_counter() - t0)
            val_loss, val_bpb = eval_val(
                args,
                model,
                rank,
                world_size,
                device,
                grad_accum_steps,
                val_tokens,
                base_bytes_lut,
                has_leading_space_lut,
                is_boundary_token_lut,
            )
            log0(
                f"step:{step}/{args.iterations} val_loss:{val_loss:.4f} val_bpb:{val_bpb:.4f} "
                f"train_time:{training_time_ms:.0f}ms step_avg:{training_time_ms / max(step, 1):.2f}ms"
            )
            torch.cuda.synchronize()
            t0 = time.perf_counter()

        if last_step:
            if stop_after_step is not None and step < args.iterations:
                log0(
                    f"stopping_early: wallclock_cap train_time:{training_time_ms:.0f}ms "
                    f"step:{step}/{args.iterations}"
                )
            break

        elapsed_ms = training_time_ms + 1000.0 * (time.perf_counter() - t0)
        scale = lr_mul(step, elapsed_ms)
        zero_grad_all()
        train_loss = torch.zeros((), device=device)
        for micro_step in range(grad_accum_steps):
            if distributed:
                model.require_backward_grad_sync = micro_step == grad_accum_steps - 1
            x, y = train_loader.next_batch(args.train_batch_tokens, args.train_seq_len, grad_accum_steps)
            with torch.autocast(device_type="cuda", dtype=torch.bfloat16, enabled=True):
                loss = model(x, y)
            train_loss += loss.detach()
            (loss * grad_scale).backward()
        train_loss /= grad_accum_steps

        frac = min(step / args.muon_momentum_warmup_steps, 1.0) if args.muon_momentum_warmup_steps > 0 else 1.0
        muon_momentum = (1 - frac) * args.muon_momentum_warmup_start + frac * args.muon_momentum
        for group in optimizer_muon.param_groups:
            group["momentum"] = muon_momentum

        for opt in optimizers:
            for group in opt.param_groups:
                group["lr"] = group["base_lr"] * scale

        if args.grad_clip_norm > 0:
            torch.nn.utils.clip_grad_norm_(base_model.parameters(), args.grad_clip_norm)
        for opt in optimizers:
            opt.step()
        zero_grad_all()

        step += 1
        approx_training_time_ms = training_time_ms + 1000.0 * (time.perf_counter() - t0)
        should_log_train = (
            args.train_log_every > 0
            and (step <= 10 or step % args.train_log_every == 0 or stop_after_step is not None)
        )
        if should_log_train:
            log0(
                f"step:{step}/{args.iterations} train_loss:{train_loss.item():.4f} "
                f"train_time:{approx_training_time_ms:.0f}ms step_avg:{approx_training_time_ms / step:.2f}ms"
            )

        # Needed to sync whether we've reached the wallclock cap.
        reached_cap = max_wallclock_ms is not None and approx_training_time_ms >= max_wallclock_ms
        if distributed and max_wallclock_ms is not None:
            reached_cap_tensor = torch.tensor(int(reached_cap), device=device)
            dist.all_reduce(reached_cap_tensor, op=dist.ReduceOp.MAX)
            reached_cap = bool(reached_cap_tensor.item())
        if stop_after_step is None and reached_cap:
            stop_after_step = step

    log0(
        f"peak memory allocated: {torch.cuda.max_memory_allocated() // 1024 // 1024} MiB "
        f"reserved: {torch.cuda.max_memory_reserved() // 1024 // 1024} MiB"
    )

    # -----------------------------
    # SERIALIZATION + ROUNDTRIP VALIDATION
    # -----------------------------
    # Save the raw state (useful for debugging/loading in PyTorch directly), then always produce
    # the compressed int8+zlib artifact and validate the round-tripped weights.

    if master_process:
        torch.save(base_model.state_dict(), "final_model.pt")
        model_bytes = os.path.getsize("final_model.pt")
        code_bytes = len(code.encode("utf-8"))
        log0(f"Serialized model: {model_bytes} bytes")
        log0(f"Code size: {code_bytes} bytes")
        log0(f"Total submission size: {model_bytes + code_bytes} bytes")

    quant_obj, quant_stats = quantize_state_dict_int8(base_model.state_dict())
    quant_buf = io.BytesIO()
    torch.save(quant_obj, quant_buf)
    quant_raw = quant_buf.getvalue()
    quant_blob = zlib.compress(quant_raw, level=9)
    quant_raw_bytes = len(quant_raw)
    if master_process:
        with open("final_model.int8.ptz", "wb") as f:
            f.write(quant_blob)
        quant_file_bytes = os.path.getsize("final_model.int8.ptz")
        code_bytes = len(code.encode("utf-8"))
        ratio = quant_stats["baseline_tensor_bytes"] / max(quant_stats["int8_payload_bytes"], 1)
        log0(
            f"Serialized model int8+zlib: {quant_file_bytes} bytes "
            f"(payload:{quant_stats['int8_payload_bytes']} raw_torch:{quant_raw_bytes} payload_ratio:{ratio:.2f}x)"
        )
        log0(f"Total submission size int8+zlib: {quant_file_bytes + code_bytes} bytes")

    if args.skip_final_roundtrip_eval:
        log0("final_int8_zlib_roundtrip:skipped")
    else:
        if distributed:
            dist.barrier()
        with open("final_model.int8.ptz", "rb") as f:
            quant_blob_disk = f.read()
        quant_state = torch.load(io.BytesIO(zlib.decompress(quant_blob_disk)), map_location="cpu")
        base_model.load_state_dict(dequantize_state_dict_int8(quant_state), strict=True)
        torch.cuda.synchronize()
        t_qeval = time.perf_counter()
        q_val_loss, q_val_bpb = eval_val(
            args,
            model,
            rank,
            world_size,
            device,
            grad_accum_steps,
            val_tokens,
            base_bytes_lut,
            has_leading_space_lut,
            is_boundary_token_lut,
        )
        torch.cuda.synchronize()
        log0(
            f"final_int8_zlib_roundtrip val_loss:{q_val_loss:.4f} val_bpb:{q_val_bpb:.4f} "
            f"eval_time:{1000.0 * (time.perf_counter() - t_qeval):.0f}ms"
        )
        log0(f"final_int8_zlib_roundtrip_exact val_loss:{q_val_loss:.8f} val_bpb:{q_val_bpb:.8f}")

    if distributed:
        dist.destroy_process_group()


if __name__ == "__main__":
    main()

====================================================================================================
Running Python 3.10.12 (main, Mar  3 2026, 11:56:32) [GCC 11.4.0]
Running PyTorch 2.10.0+cu128
Sun Mar 22 14:10:18 2026       
+-----------------------------------------------------------------------------------------+
| NVIDIA-SMI 560.35.03              Driver Version: 560.35.03      CUDA Version: 12.6     |
|-----------------------------------------+------------------------+----------------------+
| GPU  Name                 Persistence-M | Bus-Id          Disp.A | Volatile Uncorr. ECC |
| Fan  Temp   Perf          Pwr:Usage/Cap |           Memory-Usage | GPU-Util  Compute M. |
|                                         |                        |               MIG M. |
|=========================================+========================+======================|
|   0  NVIDIA H100 80GB HBM3          Off |   00000000:19:00.0 Off |                    0 |
| N/A   25C    P0            115W /  700W |    1520MiB /  81559MiB |      0%      Default |
|                                         |                        |             Disabled |
+-----------------------------------------+------------------------+----------------------+
|   1  NVIDIA H100 80GB HBM3          Off |   00000000:3B:00.0 Off |                    0 |
| N/A   24C    P0            117W /  700W |    1520MiB /  81559MiB |      0%      Default |
|                                         |                        |             Disabled |
+-----------------------------------------+------------------------+----------------------+
|   2  NVIDIA H100 80GB HBM3          Off |   00000000:4C:00.0 Off |                    0 |
| N/A   23C    P0            117W /  700W |    1520MiB /  81559MiB |      0%      Default |
|                                         |                        |             Disabled |
+-----------------------------------------+------------------------+----------------------+
|   3  NVIDIA H100 80GB HBM3          Off |   00000000:5D:00.0 Off |                    0 |
| N/A   23C    P0            117W /  700W |    1520MiB /  81559MiB |      0%      Default |
|                                         |                        |             Disabled |
+-----------------------------------------+------------------------+----------------------+
|   4  NVIDIA H100 80GB HBM3          Off |   00000000:9B:00.0 Off |                    0 |
| N/A   25C    P0            115W /  700W |    1520MiB /  81559MiB |      0%      Default |
|                                         |                        |             Disabled |
+-----------------------------------------+------------------------+----------------------+
|   5  NVIDIA H100 80GB HBM3          Off |   00000000:BB:00.0 Off |                    0 |
| N/A   23C    P0            116W /  700W |    1520MiB /  81559MiB |      0%      Default |
|                                         |                        |             Disabled |
+-----------------------------------------+------------------------+----------------------+
|   6  NVIDIA H100 80GB HBM3          Off |   00000000:CB:00.0 Off |                    0 |
| N/A   24C    P0            120W /  700W |    1520MiB /  81559MiB |      0%      Default |
|                                         |                        |             Disabled |
+-----------------------------------------+------------------------+----------------------+
|   7  NVIDIA H100 80GB HBM3          Off |   00000000:DB:00.0 Off |                    0 |
| N/A   22C    P0            115W /  700W |    1520MiB /  81559MiB |      0%      Default |
|                                         |                        |             Disabled |
+-----------------------------------------+------------------------+----------------------+
                                                                                         
+-----------------------------------------------------------------------------------------+
| Processes:                                                                              |
|  GPU   GI   CI        PID   Type   Process name                              GPU Memory |
|        ID   ID                                                               Usage      |
|=========================================================================================|
|    0   N/A  N/A    248875      C   /usr/bin/python3                             1510MiB |
|    1   N/A  N/A    248876      C   /usr/bin/python3                             1510MiB |
|    2   N/A  N/A    248877      C   /usr/bin/python3                             1510MiB |
|    3   N/A  N/A    248878      C   /usr/bin/python3                             1510MiB |
|    4   N/A  N/A    248879      C   /usr/bin/python3                             1510MiB |
|    5   N/A  N/A    248880      C   /usr/bin/python3                             1510MiB |
|    6   N/A  N/A    248881      C   /usr/bin/python3                             1510MiB |
|    7   N/A  N/A    248882      C   /usr/bin/python3                             1510MiB |
+-----------------------------------------------------------------------------------------+

====================================================================================================
torch_compile_enabled:True
distributed_backend:nccl
val_bpb:enabled tokenizer_kind=sentencepiece tokenizer_path=./data/tokenizers/fineweb_1024_bpe.model
train_loader:dataset:fineweb10B_sp1024 train_shards:80
val_loader:shards pattern=./data/datasets/fineweb10B_sp1024/fineweb_val_*.bin tokens:62021632
model_params:17269640
world_size:8 grad_accum_steps:1
sdp_backends:cudnn=False flash=True mem_efficient=False math=False
attention_mode:gqa num_heads:8 num_kv_heads:4
tie_embeddings:True embed_lr:0.05 head_lr:0.0 matrix_lr:0.02 scalar_lr:0.02 aux_loss_weight:0.1 aux_dim:64
train_batch_tokens:524288 train_seq_len:1024 iterations:20000 warmup_steps:20 max_wallclock_seconds:600.000
seed:1337
warmup_step:1/20
warmup_step:2/20
warmup_step:3/20
warmup_step:4/20
warmup_step:5/20
warmup_step:6/20
warmup_step:7/20
warmup_step:8/20
warmup_step:9/20
warmup_step:10/20
warmup_step:11/20
warmup_step:12/20
warmup_step:13/20
warmup_step:14/20
warmup_step:15/20
warmup_step:16/20
warmup_step:17/20
warmup_step:18/20
warmup_step:19/20
warmup_step:20/20
step:0/20000 val_loss:6.9370 val_bpb:4.1085 train_time:0ms step_avg:0.02ms
step:1/20000 train_loss:7.0063 train_time:32ms step_avg:32.36ms
step:2/20000 train_loss:7.3882 train_time:74ms step_avg:37.07ms
step:3/20000 train_loss:8.6722 train_time:120ms step_avg:39.95ms
step:4/20000 train_loss:9.5839 train_time:165ms step_avg:41.30ms
step:5/20000 train_loss:9.6732 train_time:210ms step_avg:42.09ms
step:6/20000 train_loss:9.0621 train_time:256ms step_avg:42.60ms
step:7/20000 train_loss:7.8400 train_time:301ms step_avg:43.01ms
step:8/20000 train_loss:7.2308 train_time:346ms step_avg:43.30ms
step:9/20000 train_loss:6.6203 train_time:392ms step_avg:43.53ms
step:10/20000 train_loss:6.2241 train_time:437ms step_avg:43.74ms
step:50/20000 train_loss:4.2892 train_time:2249ms step_avg:44.99ms
step:100/20000 train_loss:3.5334 train_time:4513ms step_avg:45.13ms
step:150/20000 train_loss:3.1094 train_time:6774ms step_avg:45.16ms
step:200/20000 train_loss:2.9075 train_time:9094ms step_avg:45.47ms
step:200/20000 val_loss:2.8409 val_bpb:1.6826 train_time:9116ms step_avg:45.58ms
step:250/20000 train_loss:2.7923 train_time:11355ms step_avg:45.42ms
step:300/20000 train_loss:2.5280 train_time:13616ms step_avg:45.39ms
step:350/20000 train_loss:2.7243 train_time:15875ms step_avg:45.36ms
step:400/20000 train_loss:2.4022 train_time:18200ms step_avg:45.50ms
step:400/20000 val_loss:2.5765 val_bpb:1.5259 train_time:18222ms step_avg:45.55ms
step:450/20000 train_loss:2.5509 train_time:20460ms step_avg:45.47ms
step:500/20000 train_loss:2.5459 train_time:22718ms step_avg:45.44ms
step:550/20000 train_loss:2.4498 train_time:24972ms step_avg:45.40ms
step:600/20000 train_loss:2.5945 train_time:27284ms step_avg:45.47ms
step:600/20000 val_loss:2.4641 val_bpb:1.4594 train_time:27306ms step_avg:45.51ms
step:650/20000 train_loss:2.4412 train_time:29541ms step_avg:45.45ms
step:700/20000 train_loss:2.4953 train_time:31798ms step_avg:45.43ms
step:750/20000 train_loss:2.3242 train_time:34051ms step_avg:45.40ms
step:800/20000 train_loss:2.3487 train_time:36372ms step_avg:45.47ms
step:800/20000 val_loss:2.3951 val_bpb:1.4185 train_time:36394ms step_avg:45.49ms
step:850/20000 train_loss:2.7737 train_time:38628ms step_avg:45.44ms
step:900/20000 train_loss:2.3885 train_time:40883ms step_avg:45.43ms
step:950/20000 train_loss:2.4486 train_time:43140ms step_avg:45.41ms
step:1000/20000 train_loss:2.4190 train_time:45456ms step_avg:45.46ms
step:1000/20000 val_loss:2.3479 val_bpb:1.3905 train_time:45478ms step_avg:45.48ms
step:1050/20000 train_loss:2.5379 train_time:47712ms step_avg:45.44ms
step:1100/20000 train_loss:2.3100 train_time:49966ms step_avg:45.42ms
step:1150/20000 train_loss:2.3057 train_time:52288ms step_avg:45.47ms
step:1200/20000 train_loss:2.4349 train_time:54545ms step_avg:45.45ms
step:1200/20000 val_loss:2.3166 val_bpb:1.3720 train_time:54566ms step_avg:45.47ms
step:1250/20000 train_loss:2.2583 train_time:56802ms step_avg:45.44ms
step:1300/20000 train_loss:2.4038 train_time:59061ms step_avg:45.43ms
step:1350/20000 train_loss:2.3183 train_time:61377ms step_avg:45.46ms
step:1400/20000 train_loss:2.4810 train_time:63632ms step_avg:45.45ms
step:1400/20000 val_loss:2.2926 val_bpb:1.3578 train_time:63653ms step_avg:45.47ms
step:1450/20000 train_loss:2.2789 train_time:65891ms step_avg:45.44ms
step:1500/20000 train_loss:2.2701 train_time:68147ms step_avg:45.43ms
step:1550/20000 train_loss:2.2055 train_time:70473ms step_avg:45.47ms
step:1600/20000 train_loss:2.1426 train_time:72741ms step_avg:45.46ms
step:1600/20000 val_loss:2.2766 val_bpb:1.3483 train_time:72762ms step_avg:45.48ms
step:1650/20000 train_loss:2.2758 train_time:75005ms step_avg:45.46ms
step:1700/20000 train_loss:2.2216 train_time:77263ms step_avg:45.45ms
step:1750/20000 train_loss:2.2981 train_time:79577ms step_avg:45.47ms
step:1800/20000 train_loss:2.2460 train_time:81838ms step_avg:45.47ms
step:1800/20000 val_loss:2.2604 val_bpb:1.3387 train_time:81860ms step_avg:45.48ms
step:1850/20000 train_loss:2.3552 train_time:84101ms step_avg:45.46ms
step:1900/20000 train_loss:2.2371 train_time:86361ms step_avg:45.45ms
step:1950/20000 train_loss:2.2556 train_time:88684ms step_avg:45.48ms
step:2000/20000 train_loss:2.2994 train_time:90943ms step_avg:45.47ms
step:2000/20000 val_loss:2.2459 val_bpb:1.3302 train_time:90965ms step_avg:45.48ms
step:2050/20000 train_loss:2.2983 train_time:93204ms step_avg:45.47ms
step:2100/20000 train_loss:2.3116 train_time:95516ms step_avg:45.48ms
step:2150/20000 train_loss:2.2335 train_time:97770ms step_avg:45.47ms
step:2200/20000 train_loss:2.1170 train_time:100029ms step_avg:45.47ms
step:2200/20000 val_loss:2.2351 val_bpb:1.3237 train_time:100050ms step_avg:45.48ms
step:2250/20000 train_loss:2.2107 train_time:102287ms step_avg:45.46ms
step:2300/20000 train_loss:2.4265 train_time:104619ms step_avg:45.49ms
step:2350/20000 train_loss:2.2477 train_time:106879ms step_avg:45.48ms
step:2400/20000 train_loss:2.2487 train_time:109137ms step_avg:45.47ms
step:2400/20000 val_loss:2.2255 val_bpb:1.3181 train_time:109159ms step_avg:45.48ms
step:2450/20000 train_loss:2.2446 train_time:111397ms step_avg:45.47ms
step:2500/20000 train_loss:2.1684 train_time:113710ms step_avg:45.48ms
step:2550/20000 train_loss:2.1830 train_time:115965ms step_avg:45.48ms
step:2600/20000 train_loss:2.4541 train_time:118223ms step_avg:45.47ms
step:2600/20000 val_loss:2.2239 val_bpb:1.3171 train_time:118244ms step_avg:45.48ms
step:2650/20000 train_loss:2.2873 train_time:120481ms step_avg:45.46ms
step:2700/20000 train_loss:2.1988 train_time:122808ms step_avg:45.48ms
step:2750/20000 train_loss:2.4084 train_time:125065ms step_avg:45.48ms
step:2800/20000 train_loss:2.2837 train_time:127325ms step_avg:45.47ms
step:2800/20000 val_loss:2.2100 val_bpb:1.3089 train_time:127346ms step_avg:45.48ms
step:2850/20000 train_loss:2.2350 train_time:129584ms step_avg:45.47ms
step:2900/20000 train_loss:2.2250 train_time:131899ms step_avg:45.48ms
step:2950/20000 train_loss:2.2812 train_time:134156ms step_avg:45.48ms
step:3000/20000 train_loss:2.2722 train_time:136414ms step_avg:45.47ms
step:3000/20000 val_loss:2.2022 val_bpb:1.3043 train_time:136435ms step_avg:45.48ms
step:3050/20000 train_loss:2.2162 train_time:138673ms step_avg:45.47ms
step:3100/20000 train_loss:2.2459 train_time:140998ms step_avg:45.48ms
step:3150/20000 train_loss:2.2066 train_time:143255ms step_avg:45.48ms
step:3200/20000 train_loss:2.2328 train_time:145512ms step_avg:45.47ms
step:3200/20000 val_loss:2.1963 val_bpb:1.3008 train_time:145534ms step_avg:45.48ms
step:3250/20000 train_loss:2.1320 train_time:147828ms step_avg:45.49ms
step:3300/20000 train_loss:2.2814 train_time:150086ms step_avg:45.48ms
step:3350/20000 train_loss:2.1369 train_time:152341ms step_avg:45.48ms
step:3400/20000 train_loss:2.2054 train_time:154600ms step_avg:45.47ms
step:3400/20000 val_loss:2.1932 val_bpb:1.2989 train_time:154621ms step_avg:45.48ms
step:3450/20000 train_loss:2.1512 train_time:156927ms step_avg:45.49ms
step:3500/20000 train_loss:2.2951 train_time:159184ms step_avg:45.48ms
step:3550/20000 train_loss:2.4356 train_time:161441ms step_avg:45.48ms
step:3600/20000 train_loss:2.1608 train_time:163699ms step_avg:45.47ms
step:3600/20000 val_loss:2.1855 val_bpb:1.2944 train_time:163721ms step_avg:45.48ms
step:3650/20000 train_loss:2.2606 train_time:166015ms step_avg:45.48ms
step:3700/20000 train_loss:2.1927 train_time:168272ms step_avg:45.48ms
step:3750/20000 train_loss:2.1871 train_time:170527ms step_avg:45.47ms
step:3800/20000 train_loss:2.2679 train_time:172781ms step_avg:45.47ms
step:3800/20000 val_loss:2.1813 val_bpb:1.2919 train_time:172803ms step_avg:45.47ms
step:3850/20000 train_loss:2.2195 train_time:175103ms step_avg:45.48ms
step:3900/20000 train_loss:2.0324 train_time:177359ms step_avg:45.48ms
step:3950/20000 train_loss:2.1730 train_time:179614ms step_avg:45.47ms
step:4000/20000 train_loss:2.2047 train_time:181872ms step_avg:45.47ms
step:4000/20000 val_loss:2.1772 val_bpb:1.2894 train_time:181894ms step_avg:45.47ms
step:4050/20000 train_loss:2.1442 train_time:184189ms step_avg:45.48ms
step:4100/20000 train_loss:2.2283 train_time:186445ms step_avg:45.47ms
step:4150/20000 train_loss:2.3671 train_time:188701ms step_avg:45.47ms
step:4200/20000 train_loss:2.2182 train_time:191023ms step_avg:45.48ms
step:4200/20000 val_loss:2.1726 val_bpb:1.2867 train_time:191044ms step_avg:45.49ms
step:4250/20000 train_loss:2.1712 train_time:193283ms step_avg:45.48ms
step:4300/20000 train_loss:2.0629 train_time:195540ms step_avg:45.47ms
step:4350/20000 train_loss:2.2536 train_time:197797ms step_avg:45.47ms
step:4400/20000 train_loss:2.1571 train_time:200109ms step_avg:45.48ms
step:4400/20000 val_loss:2.1719 val_bpb:1.2863 train_time:200131ms step_avg:45.48ms
step:4450/20000 train_loss:2.1087 train_time:202369ms step_avg:45.48ms
step:4500/20000 train_loss:2.2999 train_time:204627ms step_avg:45.47ms
step:4550/20000 train_loss:2.0995 train_time:206884ms step_avg:45.47ms
step:4600/20000 train_loss:2.0172 train_time:209207ms step_avg:45.48ms
step:4600/20000 val_loss:2.1678 val_bpb:1.2839 train_time:209229ms step_avg:45.48ms
step:4650/20000 train_loss:2.1200 train_time:211466ms step_avg:45.48ms
step:4700/20000 train_loss:2.3133 train_time:213723ms step_avg:45.47ms
step:4750/20000 train_loss:2.0134 train_time:215982ms step_avg:45.47ms
step:4800/20000 train_loss:2.3102 train_time:218299ms step_avg:45.48ms
step:4800/20000 val_loss:2.1634 val_bpb:1.2813 train_time:218321ms step_avg:45.48ms
step:4850/20000 train_loss:2.1961 train_time:220558ms step_avg:45.48ms
step:4900/20000 train_loss:2.2068 train_time:222817ms step_avg:45.47ms
step:4950/20000 train_loss:2.3830 train_time:225075ms step_avg:45.47ms
step:5000/20000 train_loss:2.0685 train_time:227398ms step_avg:45.48ms
step:5000/20000 val_loss:2.1585 val_bpb:1.2784 train_time:227419ms step_avg:45.48ms
step:5050/20000 train_loss:2.2447 train_time:229658ms step_avg:45.48ms
step:5100/20000 train_loss:2.0695 train_time:231917ms step_avg:45.47ms
step:5150/20000 train_loss:2.3204 train_time:234231ms step_avg:45.48ms
step:5200/20000 train_loss:2.2146 train_time:236488ms step_avg:45.48ms
step:5200/20000 val_loss:2.1589 val_bpb:1.2786 train_time:236509ms step_avg:45.48ms
step:5250/20000 train_loss:2.1599 train_time:238746ms step_avg:45.48ms
step:5300/20000 train_loss:2.2574 train_time:241003ms step_avg:45.47ms
step:5350/20000 train_loss:2.1771 train_time:243327ms step_avg:45.48ms
step:5400/20000 train_loss:2.2285 train_time:245583ms step_avg:45.48ms
step:5400/20000 val_loss:2.1541 val_bpb:1.2758 train_time:245604ms step_avg:45.48ms
step:5450/20000 train_loss:2.2357 train_time:247844ms step_avg:45.48ms
step:5500/20000 train_loss:2.1800 train_time:250102ms step_avg:45.47ms
step:5550/20000 train_loss:2.1478 train_time:252414ms step_avg:45.48ms
step:5600/20000 train_loss:2.2256 train_time:254674ms step_avg:45.48ms
step:5600/20000 val_loss:2.1534 val_bpb:1.2754 train_time:254695ms step_avg:45.48ms
step:5650/20000 train_loss:2.0995 train_time:256931ms step_avg:45.47ms
step:5700/20000 train_loss:2.2154 train_time:259187ms step_avg:45.47ms
step:5750/20000 train_loss:2.2584 train_time:261511ms step_avg:45.48ms
step:5800/20000 train_loss:2.1867 train_time:263768ms step_avg:45.48ms
step:5800/20000 val_loss:2.1514 val_bpb:1.2742 train_time:263790ms step_avg:45.48ms
step:5850/20000 train_loss:2.2250 train_time:266027ms step_avg:45.47ms
step:5900/20000 train_loss:2.1330 train_time:268286ms step_avg:45.47ms
step:5950/20000 train_loss:2.1818 train_time:270601ms step_avg:45.48ms
step:6000/20000 train_loss:2.2567 train_time:272858ms step_avg:45.48ms
step:6000/20000 val_loss:2.1484 val_bpb:1.2724 train_time:272880ms step_avg:45.48ms
step:6050/20000 train_loss:2.1651 train_time:275120ms step_avg:45.47ms
step:6100/20000 train_loss:2.1631 train_time:277378ms step_avg:45.47ms
step:6150/20000 train_loss:2.1390 train_time:279701ms step_avg:45.48ms
step:6200/20000 train_loss:2.1308 train_time:281960ms step_avg:45.48ms
step:6200/20000 val_loss:2.1464 val_bpb:1.2712 train_time:281981ms step_avg:45.48ms
step:6250/20000 train_loss:2.1937 train_time:284222ms step_avg:45.48ms
step:6300/20000 train_loss:2.0764 train_time:286535ms step_avg:45.48ms
step:6350/20000 train_loss:2.0573 train_time:288795ms step_avg:45.48ms
step:6400/20000 train_loss:2.2009 train_time:291053ms step_avg:45.48ms
step:6400/20000 val_loss:2.1439 val_bpb:1.2697 train_time:291075ms step_avg:45.48ms
step:6450/20000 train_loss:2.1189 train_time:293314ms step_avg:45.48ms
step:6500/20000 train_loss:2.1179 train_time:295641ms step_avg:45.48ms
step:6550/20000 train_loss:2.2514 train_time:297899ms step_avg:45.48ms
step:6600/20000 train_loss:2.1630 train_time:300157ms step_avg:45.48ms
step:6600/20000 val_loss:2.1402 val_bpb:1.2675 train_time:300179ms step_avg:45.48ms
step:6650/20000 train_loss:2.3345 train_time:302418ms step_avg:45.48ms
step:6700/20000 train_loss:2.1996 train_time:304735ms step_avg:45.48ms
step:6750/20000 train_loss:2.3738 train_time:306996ms step_avg:45.48ms
step:6800/20000 train_loss:2.2348 train_time:309254ms step_avg:45.48ms
step:6800/20000 val_loss:2.1389 val_bpb:1.2668 train_time:309276ms step_avg:45.48ms
step:6850/20000 train_loss:2.0664 train_time:311515ms step_avg:45.48ms
step:6900/20000 train_loss:2.1368 train_time:313840ms step_avg:45.48ms
step:6950/20000 train_loss:2.2214 train_time:316100ms step_avg:45.48ms
step:7000/20000 train_loss:2.2658 train_time:318360ms step_avg:45.48ms
step:7000/20000 val_loss:2.1369 val_bpb:1.2656 train_time:318381ms step_avg:45.48ms
step:7050/20000 train_loss:2.2896 train_time:320623ms step_avg:45.48ms
step:7100/20000 train_loss:2.1098 train_time:322941ms step_avg:45.48ms
step:7150/20000 train_loss:2.1918 train_time:325199ms step_avg:45.48ms
step:7200/20000 train_loss:2.2395 train_time:327459ms step_avg:45.48ms
step:7200/20000 val_loss:2.1355 val_bpb:1.2648 train_time:327481ms step_avg:45.48ms
step:7250/20000 train_loss:2.1407 train_time:329788ms step_avg:45.49ms
step:7300/20000 train_loss:2.1223 train_time:332045ms step_avg:45.49ms
step:7350/20000 train_loss:2.2206 train_time:334304ms step_avg:45.48ms
step:7400/20000 train_loss:2.1612 train_time:336563ms step_avg:45.48ms
step:7400/20000 val_loss:2.1332 val_bpb:1.2634 train_time:336585ms step_avg:45.48ms
step:7450/20000 train_loss:2.1542 train_time:338880ms step_avg:45.49ms
step:7500/20000 train_loss:2.1544 train_time:341140ms step_avg:45.49ms
step:7550/20000 train_loss:2.2162 train_time:343401ms step_avg:45.48ms
step:7600/20000 train_loss:2.0376 train_time:345660ms step_avg:45.48ms
step:7600/20000 val_loss:2.1320 val_bpb:1.2627 train_time:345682ms step_avg:45.48ms
step:7650/20000 train_loss:2.3287 train_time:347988ms step_avg:45.49ms
step:7700/20000 train_loss:2.1283 train_time:350248ms step_avg:45.49ms
step:7750/20000 train_loss:2.1497 train_time:352506ms step_avg:45.48ms
step:7800/20000 train_loss:2.1879 train_time:354764ms step_avg:45.48ms
step:7800/20000 val_loss:2.1292 val_bpb:1.2610 train_time:354786ms step_avg:45.49ms
step:7850/20000 train_loss:2.0405 train_time:357086ms step_avg:45.49ms
step:7900/20000 train_loss:2.1744 train_time:359348ms step_avg:45.49ms
step:7950/20000 train_loss:2.1387 train_time:361604ms step_avg:45.48ms
step:8000/20000 train_loss:2.1585 train_time:363861ms step_avg:45.48ms
step:8000/20000 val_loss:2.1268 val_bpb:1.2596 train_time:363883ms step_avg:45.49ms
step:8050/20000 train_loss:2.1223 train_time:366188ms step_avg:45.49ms
step:8100/20000 train_loss:2.1865 train_time:368451ms step_avg:45.49ms
step:8150/20000 train_loss:2.2952 train_time:370710ms step_avg:45.49ms
step:8200/20000 train_loss:2.2268 train_time:372968ms step_avg:45.48ms
step:8200/20000 val_loss:2.1264 val_bpb:1.2594 train_time:372989ms step_avg:45.49ms
step:8250/20000 train_loss:2.1878 train_time:375286ms step_avg:45.49ms
step:8300/20000 train_loss:2.1663 train_time:377544ms step_avg:45.49ms
step:8350/20000 train_loss:2.2733 train_time:379802ms step_avg:45.49ms
step:8400/20000 train_loss:2.1775 train_time:382126ms step_avg:45.49ms
step:8400/20000 val_loss:2.1252 val_bpb:1.2587 train_time:382148ms step_avg:45.49ms
step:8450/20000 train_loss:2.2708 train_time:384387ms step_avg:45.49ms
step:8500/20000 train_loss:2.1680 train_time:386646ms step_avg:45.49ms
step:8550/20000 train_loss:2.2340 train_time:388905ms step_avg:45.49ms
step:8600/20000 train_loss:2.1786 train_time:391221ms step_avg:45.49ms
step:8600/20000 val_loss:2.1225 val_bpb:1.2571 train_time:391243ms step_avg:45.49ms
step:8650/20000 train_loss:2.1380 train_time:393480ms step_avg:45.49ms
step:8700/20000 train_loss:2.0794 train_time:395737ms step_avg:45.49ms
step:8750/20000 train_loss:2.2371 train_time:397997ms step_avg:45.49ms
step:8800/20000 train_loss:2.1432 train_time:400323ms step_avg:45.49ms
step:8800/20000 val_loss:2.1218 val_bpb:1.2566 train_time:400345ms step_avg:45.49ms
step:8850/20000 train_loss:2.3518 train_time:402584ms step_avg:45.49ms
step:8900/20000 train_loss:2.2396 train_time:404842ms step_avg:45.49ms
step:8950/20000 train_loss:2.2018 train_time:407103ms step_avg:45.49ms
step:9000/20000 train_loss:2.0661 train_time:409419ms step_avg:45.49ms
step:9000/20000 val_loss:2.1215 val_bpb:1.2565 train_time:409441ms step_avg:45.49ms
step:9050/20000 train_loss:2.1035 train_time:411679ms step_avg:45.49ms
step:9100/20000 train_loss:2.3419 train_time:413938ms step_avg:45.49ms
step:9150/20000 train_loss:2.0364 train_time:416197ms step_avg:45.49ms
step:9200/20000 train_loss:2.1235 train_time:418523ms step_avg:45.49ms
step:9200/20000 val_loss:2.1196 val_bpb:1.2553 train_time:418544ms step_avg:45.49ms
step:9250/20000 train_loss:2.2394 train_time:420783ms step_avg:45.49ms
step:9300/20000 train_loss:2.1702 train_time:423039ms step_avg:45.49ms
step:9350/20000 train_loss:2.2679 train_time:425357ms step_avg:45.49ms
step:9400/20000 train_loss:2.1731 train_time:427617ms step_avg:45.49ms
step:9400/20000 val_loss:2.1179 val_bpb:1.2543 train_time:427638ms step_avg:45.49ms
step:9450/20000 train_loss:2.2030 train_time:429877ms step_avg:45.49ms
step:9500/20000 train_loss:2.3018 train_time:432136ms step_avg:45.49ms
step:9550/20000 train_loss:2.2388 train_time:434462ms step_avg:45.49ms
step:9600/20000 train_loss:2.1859 train_time:436722ms step_avg:45.49ms
step:9600/20000 val_loss:2.1165 val_bpb:1.2535 train_time:436743ms step_avg:45.49ms
step:9650/20000 train_loss:2.1333 train_time:438981ms step_avg:45.49ms
step:9700/20000 train_loss:2.1500 train_time:441240ms step_avg:45.49ms
step:9750/20000 train_loss:2.1019 train_time:443555ms step_avg:45.49ms
step:9800/20000 train_loss:2.1125 train_time:445814ms step_avg:45.49ms
step:9800/20000 val_loss:2.1172 val_bpb:1.2539 train_time:445835ms step_avg:45.49ms
step:9850/20000 train_loss:2.0737 train_time:448072ms step_avg:45.49ms
step:9900/20000 train_loss:2.1881 train_time:450333ms step_avg:45.49ms
step:9950/20000 train_loss:2.0635 train_time:452657ms step_avg:45.49ms
step:10000/20000 train_loss:2.1520 train_time:454916ms step_avg:45.49ms
step:10000/20000 val_loss:2.1154 val_bpb:1.2528 train_time:454937ms step_avg:45.49ms
step:10050/20000 train_loss:2.1421 train_time:457175ms step_avg:45.49ms
step:10100/20000 train_loss:2.1377 train_time:459434ms step_avg:45.49ms
step:10150/20000 train_loss:2.1025 train_time:461748ms step_avg:45.49ms
step:10200/20000 train_loss:2.1039 train_time:464005ms step_avg:45.49ms
step:10200/20000 val_loss:2.1131 val_bpb:1.2515 train_time:464026ms step_avg:45.49ms
step:10250/20000 train_loss:2.1055 train_time:466265ms step_avg:45.49ms
step:10300/20000 train_loss:2.2317 train_time:468585ms step_avg:45.49ms
step:10350/20000 train_loss:2.1686 train_time:470844ms step_avg:45.49ms
step:10400/20000 train_loss:2.1421 train_time:473102ms step_avg:45.49ms
step:10400/20000 val_loss:2.1124 val_bpb:1.2511 train_time:473124ms step_avg:45.49ms
step:10450/20000 train_loss:2.1350 train_time:475363ms step_avg:45.49ms
step:10500/20000 train_loss:2.0266 train_time:477679ms step_avg:45.49ms
step:10550/20000 train_loss:2.0475 train_time:479940ms step_avg:45.49ms
step:10600/20000 train_loss:2.0176 train_time:482199ms step_avg:45.49ms
step:10600/20000 val_loss:2.1128 val_bpb:1.2513 train_time:482220ms step_avg:45.49ms
step:10650/20000 train_loss:2.2379 train_time:484460ms step_avg:45.49ms
step:10700/20000 train_loss:2.1136 train_time:486781ms step_avg:45.49ms
step:10750/20000 train_loss:2.1750 train_time:489042ms step_avg:45.49ms
step:10800/20000 train_loss:2.2262 train_time:491301ms step_avg:45.49ms
step:10800/20000 val_loss:2.1105 val_bpb:1.2500 train_time:491323ms step_avg:45.49ms
step:10850/20000 train_loss:2.1796 train_time:493559ms step_avg:45.49ms
step:10900/20000 train_loss:2.1909 train_time:495877ms step_avg:45.49ms
step:10950/20000 train_loss:2.1503 train_time:498140ms step_avg:45.49ms
step:11000/20000 train_loss:2.1544 train_time:500398ms step_avg:45.49ms
step:11000/20000 val_loss:2.1101 val_bpb:1.2497 train_time:500419ms step_avg:45.49ms
step:11050/20000 train_loss:2.1145 train_time:502658ms step_avg:45.49ms
step:11100/20000 train_loss:2.0989 train_time:504986ms step_avg:45.49ms
step:11150/20000 train_loss:2.1994 train_time:507245ms step_avg:45.49ms
step:11200/20000 train_loss:2.1122 train_time:509506ms step_avg:45.49ms
step:11200/20000 val_loss:2.1084 val_bpb:1.2487 train_time:509527ms step_avg:45.49ms
step:11250/20000 train_loss:1.9989 train_time:511765ms step_avg:45.49ms
step:11300/20000 train_loss:2.0384 train_time:514080ms step_avg:45.49ms
step:11350/20000 train_loss:2.0220 train_time:516341ms step_avg:45.49ms
step:11400/20000 train_loss:2.0944 train_time:518601ms step_avg:45.49ms
step:11400/20000 val_loss:2.1083 val_bpb:1.2487 train_time:518622ms step_avg:45.49ms
step:11450/20000 train_loss:2.0851 train_time:520926ms step_avg:45.50ms
step:11500/20000 train_loss:2.1481 train_time:523184ms step_avg:45.49ms
step:11550/20000 train_loss:2.1496 train_time:525442ms step_avg:45.49ms
step:11600/20000 train_loss:2.1032 train_time:527703ms step_avg:45.49ms
step:11600/20000 val_loss:2.1069 val_bpb:1.2478 train_time:527724ms step_avg:45.49ms
step:11650/20000 train_loss:2.2253 train_time:530023ms step_avg:45.50ms
step:11700/20000 train_loss:2.2497 train_time:532281ms step_avg:45.49ms
step:11750/20000 train_loss:2.1651 train_time:534540ms step_avg:45.49ms
step:11800/20000 train_loss:2.1340 train_time:536798ms step_avg:45.49ms
step:11800/20000 val_loss:2.1051 val_bpb:1.2467 train_time:536819ms step_avg:45.49ms
step:11850/20000 train_loss:2.1758 train_time:539129ms step_avg:45.50ms
step:11900/20000 train_loss:2.0975 train_time:541387ms step_avg:45.49ms
step:11950/20000 train_loss:2.1213 train_time:543645ms step_avg:45.49ms
step:12000/20000 train_loss:2.1080 train_time:545903ms step_avg:45.49ms
step:12000/20000 val_loss:2.1037 val_bpb:1.2460 train_time:545925ms step_avg:45.49ms
step:12050/20000 train_loss:2.1285 train_time:548219ms step_avg:45.50ms
step:12100/20000 train_loss:2.1418 train_time:550478ms step_avg:45.49ms
step:12150/20000 train_loss:2.3014 train_time:552738ms step_avg:45.49ms
step:12200/20000 train_loss:2.2526 train_time:554997ms step_avg:45.49ms
step:12200/20000 val_loss:2.0980 val_bpb:1.2425 train_time:555019ms step_avg:45.49ms
step:12250/20000 train_loss:1.9493 train_time:557323ms step_avg:45.50ms
step:12300/20000 train_loss:2.1365 train_time:559583ms step_avg:45.49ms
step:12350/20000 train_loss:2.2052 train_time:561841ms step_avg:45.49ms
step:12400/20000 train_loss:1.8945 train_time:564160ms step_avg:45.50ms
step:12400/20000 val_loss:2.0915 val_bpb:1.2387 train_time:564181ms step_avg:45.50ms
step:12450/20000 train_loss:2.0578 train_time:566417ms step_avg:45.50ms
step:12500/20000 train_loss:2.3985 train_time:568675ms step_avg:45.49ms
step:12550/20000 train_loss:2.1637 train_time:570935ms step_avg:45.49ms
step:12600/20000 train_loss:2.1132 train_time:573257ms step_avg:45.50ms
step:12600/20000 val_loss:2.0849 val_bpb:1.2348 train_time:573279ms step_avg:45.50ms
step:12650/20000 train_loss:2.0747 train_time:575518ms step_avg:45.50ms
step:12700/20000 train_loss:2.1099 train_time:577777ms step_avg:45.49ms
step:12750/20000 train_loss:2.1207 train_time:580037ms step_avg:45.49ms
step:12800/20000 train_loss:2.1283 train_time:582353ms step_avg:45.50ms
step:12800/20000 val_loss:2.0772 val_bpb:1.2303 train_time:582375ms step_avg:45.50ms
step:12850/20000 train_loss:2.0299 train_time:584613ms step_avg:45.50ms
step:12900/20000 train_loss:2.1560 train_time:586871ms step_avg:45.49ms
step:12950/20000 train_loss:2.0327 train_time:589128ms step_avg:45.49ms
step:13000/20000 train_loss:2.2026 train_time:591459ms step_avg:45.50ms
step:13000/20000 val_loss:2.0708 val_bpb:1.2265 train_time:591480ms step_avg:45.50ms
step:13050/20000 train_loss:2.1351 train_time:593721ms step_avg:45.50ms
step:13100/20000 train_loss:2.0267 train_time:595978ms step_avg:45.49ms
step:13150/20000 train_loss:2.0958 train_time:598238ms step_avg:45.49ms
step:13188/20000 val_loss:2.0663 val_bpb:1.2238 train_time:600052ms step_avg:45.50ms
stopping_early: wallclock_cap train_time:600052ms step:13188/20000
peak memory allocated: 10694 MiB reserved: 10896 MiB
Serialized model: 68067039 bytes
Code size: 55890 bytes
Total submission size: 68122929 bytes
Serialized model int8+zlib: 15994724 bytes (payload:17467044 raw_torch:17515015 payload_ratio:3.89x)
Total submission size int8+zlib: 16050614 bytes
final_int8_zlib_roundtrip val_loss:2.0672 val_bpb:1.2243 eval_time:1418ms
final_int8_zlib_roundtrip_exact val_loss:2.06717489 val_bpb:1.22429741
